<?xml version="1.0" encoding="UTF-8"?>
<!-- Generated by org.testng.reporters.JUnitReportReporter -->
<testsuite hostname="PC-20150505TKBQ" name="TestCases.AndroidContactsTest" tests="2" failures="0" timestamp="14 Jun 2018 05:31:48 GMT" time="32.682" errors="0">
  <testcase name="case1" time="9.737" classname="TestCases.AndroidContactsTest"/>
  <testcase name="case2" time="22.945" classname="TestCases.AndroidContactsTest"/>
</testsuite> <!-- TestCases.AndroidContactsTest -->
